#**********************************************************************************
#                               GALBA CONFIGURATION                               
#**********************************************************************************
# GALBA CALL: /home/joiglu/bin/GALBA/scripts/galba.pl --species=Arabidopsis thaliana --genome=../P10_assembly/asm1/At4.fa --prot_seq=proteinas.fasta
# Tue Apr 21 10:17:55 2026: galba.pl version 1.0.11
# Tue Apr 21 10:17:55 2026: Configuring of GALBA for using external tools...
# Tue Apr 21 10:17:55 2026: Did not find environment variable $AUGUSTUS_CONFIG_PATH (either variable does not exist, or the path given in variable does not exist). Will try to set this variable in a different way, later.
# Tue Apr 21 10:17:55 2026: Setting $AUGUSTUS_CONFIG_PATH to /opt/augustus-3.4.0/bin/../config
# Tue Apr 21 10:17:55 2026: Did not find environment variable $AUGUSTUS_BIN_PATH (either variable does not exist, or the path given in variable does not exist). Will try to set this variable in a different way, later.
# Tue Apr 21 10:17:55 2026: Trying to guess $AUGUSTUS_BIN_PATH from $AUGUSTUS_CONFIG_PATH.
# Tue Apr 21 10:17:55 2026: Setting $AUGUSTUS_BIN_PATH to /opt/augustus-3.4.0/bin/../config/../bin
# Tue Apr 21 10:17:55 2026: Did not find environment variable $AUGUSTUS_SCRIPTS_PATH (either variable does not exist, or the path given in variable does not exist). Will try to set this variable in a different way, later.
# Tue Apr 21 10:17:55 2026: Trying to guess $AUGUSTUS_SCRIPTS_PATH from default location of augustus scripts in debian.
# Tue Apr 21 10:17:55 2026: Trying to guess $AUGUSTUS_SCRIPTS_PATH from $AUGUSTUS_CONFIG_PATH.
# Tue Apr 21 10:17:55 2026: Setting $AUGUSTUS_SCRIPTS_PATH to /opt/augustus-3.4.0/bin/../config/../scripts
# Tue Apr 21 10:17:55 2026: Did not find environment variable $PYTHON3_PATH
# Tue Apr 21 10:17:55 2026: Trying to guess $PYTHON3_PATH from location of python3 executable that is available in your $PATH
# Tue Apr 21 10:17:55 2026: Setting $PYTHON3_PATH to /home/joiglu/.venvs/annotate/bin
# Tue Apr 21 10:17:55 2026: Did not find environment variable $DIAMOND_PATH
# Tue Apr 21 10:17:55 2026: Trying to guess $DIAMOND_PATH from location of diamond executable that is available in your $PATH
# Tue Apr 21 10:17:55 2026: Setting $DIAMOND_PATH to /home/joiglu/bin
# Tue Apr 21 10:17:55 2026: Did not find environment variable $MINIPROT_PATH (either variable does not exist, or the path given in variable does not exist). Will try to set this variable in a different way, later.
# Tue Apr 21 10:17:55 2026: Trying to guess $MINIPROT_PATH from location of Miniprot executable in your $PATH
# Tue Apr 21 10:17:55 2026: Setting $MINIPROT_PATH to /usr/local/bin
# Tue Apr 21 10:17:55 2026: Did not find environment variable $SCORER_PATH (either variable does not exist, or the path given in variable does not exist). Will try to set this variable in a different way, later.
# Tue Apr 21 10:17:55 2026: Trying to guess $SCORER_PATH from location of miniprot_boundary_scorer executable that is available in your $PATH
# Tue Apr 21 10:17:55 2026: Setting $SCORER_PATH to /usr/local/bin
# Tue Apr 21 10:17:55 2026: Found environment variable $MINPROTHINT_PATH. Setting $MINIPROTHINT_PATH to /home/joiglu/bin/miniprothint/
# Tue Apr 21 10:17:55 2026: Did not find environment variable $CDBTOOLS_PATH
# Tue Apr 21 10:17:55 2026: Trying to guess $CDBTOOLS_PATH from location of cdbfasta executable that is available in your $PATH
# Tue Apr 21 10:17:55 2026: Setting $CDBTOOLS_PATH to /usr/bin
# Tue Apr 21 10:17:55 2026: Found environment variable $TSEBRA_PATH. Setting $TSEBRA_PATH to /home/joiglu/bin/TSEBRA/bin/
#*********
# WARNING: Species name contains invalid white space characters. Will replace white spaces with underline character '_'.
#*********
#**********************************************************************************
#                               CREATING DIRECTORY STRUCTURE                       
#**********************************************************************************
# Tue Apr 21 10:17:55 2026: creating file that contains citations for this GALBA run at /home/joiglu/Documents/docencia/Bioinformatica_33190/Practica/P11_annotation/GALBA/what-to-cite.txt...
# Tue Apr 21 10:17:55 2026: changing into working directory /home/joiglu/Documents/docencia/Bioinformatica_33190/Practica/P11_annotation/GALBA
cd /home/joiglu/Documents/docencia/Bioinformatica_33190/Practica/P11_annotation/GALBA
# Tue Apr 21 10:17:55 2026: Creating parameter template files for AUGUSTUS with new_species.pl
# Tue Apr 21 10:17:55 2026: new_species.pl will create parameter files for species Arabidopsis_thaliana in /opt/augustus-3.4.0/bin/../config/species/Arabidopsis_thaliana
/usr/bin/perl /opt/augustus-3.4.0/scripts/new_species.pl --species=Arabidopsis_thaliana --AUGUSTUS_CONFIG_PATH=/opt/augustus-3.4.0/bin/../config 1> /dev/null 2>/home/joiglu/Documents/docencia/Bioinformatica_33190/Practica/P11_annotation/GALBA/errors/new_species.stderr
# Tue Apr 21 10:17:55 2026: check_fasta_headers(): Checking fasta headers of file /home/joiglu/Documents/docencia/Bioinformatica_33190/Practica/P11_annotation/../P10_assembly/asm1/At4.fa
# Tue Apr 21 10:17:56 2026: check_fasta_headers(): Checking fasta headers of file /home/joiglu/Documents/docencia/Bioinformatica_33190/Practica/P11_annotation/proteinas.fasta
# Tue Apr 21 10:17:56 2026: Assuming that this is not a DNA fasta file because other characters than A, T, G, C, N, a, t, g, c, n were contained. If this is supposed to be a DNA fasta file, check the content of your file! If this is supposed to be a protein fasta file, please ignore this message!
#**********************************************************************************
#            PROCESSING HINTS AND GENERATING TRAINING GENES                        
#**********************************************************************************
# Tue Apr 21 10:17:56 2026: Making protein hints
# Tue Apr 21 10:17:56 2026: Changing to /home/joiglu/Documents/docencia/Bioinformatica_33190/Practica/P11_annotation/GALBA
cd /home/joiglu/Documents/docencia/Bioinformatica_33190/Practica/P11_annotation/GALBA
# Tue Apr 21 10:17:56 2026: running Miniprot to produce protein to genome alignments, first producing genome index:
/usr/local/bin/miniprot -t1 -d /home/joiglu/Documents/docencia/Bioinformatica_33190/Practica/P11_annotation/GALBA/genome.mpi /home/joiglu/Documents/docencia/Bioinformatica_33190/Practica/P11_annotation/GALBA/genome.fa> /home/joiglu/Documents/docencia/Bioinformatica_33190/Practica/P11_annotation/GALBA/miniprot_index.stdout 2>>/home/joiglu/Documents/docencia/Bioinformatica_33190/Practica/P11_annotation/GALBA/errors/miniprot.stderr
# Tue Apr 21 10:17:57 2026: running Miniprot to produce protein to genome alignments in aln format
/usr/local/bin/miniprot -I -ut1 --outn=1 --aln /home/joiglu/Documents/docencia/Bioinformatica_33190/Practica/P11_annotation/GALBA/genome.mpi /home/joiglu/Documents/docencia/Bioinformatica_33190/Practica/P11_annotation/proteinas.fasta >> /home/joiglu/Documents/docencia/Bioinformatica_33190/Practica/P11_annotation/GALBA/protein_alignment_miniprot.aln 2>> /home/joiglu/Documents/docencia/Bioinformatica_33190/Practica/P11_annotation/GALBA/errors/miniprot.stderr
# Tue Apr 21 10:18:10 2026: Alignments from file /home/joiglu/Documents/docencia/Bioinformatica_33190/Practica/P11_annotation/proteinas.fasta created.
# Tue Apr 21 10:18:10 2026: /usr/local/bin/miniprot_boundary_scorer -o /home/joiglu/Documents/docencia/Bioinformatica_33190/Practica/P11_annotation/GALBA/miniprot.gff -s /usr/local/bin/blosum62.csv < /home/joiglu/Documents/docencia/Bioinformatica_33190/Practica/P11_annotation/GALBA/protein_alignment_miniprot.aln 
# Tue Apr 21 10:18:27 2026: /home/joiglu/bin/miniprothint//miniprothint.py /home/joiglu/Documents/docencia/Bioinformatica_33190/Practica/P11_annotation/GALBA/miniprot.gff --workdir /home/joiglu/Documents/docencia/Bioinformatica_33190/Practica/P11_annotation/GALBA --ignoreCoverage --topNperSeed 10 --minScoreFraction 0.5
# Tue Apr 21 10:18:39 2026: moving /home/joiglu/Documents/docencia/Bioinformatica_33190/Practica/P11_annotation/GALBA/miniprot.gtf to /home/joiglu/Documents/docencia/Bioinformatica_33190/Practica/P11_annotation/GALBA/protein_alignment_miniprot.gff
mv /home/joiglu/Documents/docencia/Bioinformatica_33190/Practica/P11_annotation/GALBA/miniprot.gtf /home/joiglu/Documents/docencia/Bioinformatica_33190/Practica/P11_annotation/GALBA/protein_alignment_miniprot.gff
# Tue Apr 21 10:18:39 2026: Converting alignments from file /home/joiglu/Documents/docencia/Bioinformatica_33190/Practica/P11_annotation/GALBA/protein_alignment_miniprot.gff to hints
# Tue Apr 21 10:18:39 2026: Converting protein alignment file /home/joiglu/Documents/docencia/Bioinformatica_33190/Practica/P11_annotation/GALBA/protein_alignment_miniprot.gff to hints for AUGUSTUS
/usr/bin/perl /home/joiglu/bin/GALBA/scripts/aln2hints.pl --in=/home/joiglu/Documents/docencia/Bioinformatica_33190/Practica/P11_annotation/GALBA/protein_alignment_miniprot.gff --out=/home/joiglu/Documents/docencia/Bioinformatica_33190/Practica/P11_annotation/GALBA/prot_hintsfile.aln2hints.temp.gff --prg=miniprot --priority=4
# Tue Apr 21 10:18:39 2026: concatenating protein hints from /home/joiglu/Documents/docencia/Bioinformatica_33190/Practica/P11_annotation/GALBA/prot_hintsfile.aln2hints.temp.gff to /home/joiglu/Documents/docencia/Bioinformatica_33190/Practica/P11_annotation/GALBA/prot_align_out.temp.gff
cat /home/joiglu/Documents/docencia/Bioinformatica_33190/Practica/P11_annotation/GALBA/prot_hintsfile.aln2hints.temp.gff >> /home/joiglu/Documents/docencia/Bioinformatica_33190/Practica/P11_annotation/GALBA/prot_align_out.temp.gff
# Tue Apr 21 10:18:39 2026: Checking for hints of src=C and with grp tags that should not be joined according to multiplicity
# Tue Apr 21 10:18:40 2026: Joining hints that are identical (& from the same source) into multiplicity hints (input file /home/joiglu/Documents/docencia/Bioinformatica_33190/Practica/P11_annotation/GALBA/tmp_merge_hints.gff)
# Tue Apr 21 10:18:40 2026: sort hints of type prot
cat /home/joiglu/Documents/docencia/Bioinformatica_33190/Practica/P11_annotation/GALBA/tmp_merge_hints.gff | sort -n -k 4,4 | sort -s -n -k 5,5 | sort -s -n -k 3,3 | sort -s -k 1,1 >/home/joiglu/Documents/docencia/Bioinformatica_33190/Practica/P11_annotation/GALBA/hints.prot.temp.sort.gff
# Tue Apr 21 10:18:41 2026: join multiple hints
/usr/bin/perl /opt/augustus-3.4.0/scripts/join_mult_hints.pl </home/joiglu/Documents/docencia/Bioinformatica_33190/Practica/P11_annotation/GALBA/hints.prot.temp.sort.gff >/home/joiglu/Documents/docencia/Bioinformatica_33190/Practica/P11_annotation/GALBA/tmp_merge_hints.gff 2>/home/joiglu/Documents/docencia/Bioinformatica_33190/Practica/P11_annotation/GALBA/errors/join_mult_hints.prot.stderr
mv /home/joiglu/Documents/docencia/Bioinformatica_33190/Practica/P11_annotation/GALBA/tmp_merge_hints.gff /home/joiglu/Documents/docencia/Bioinformatica_33190/Practica/P11_annotation/GALBA/prot_align_out.temp.gff
# Tue Apr 21 10:18:42 2026: moving /home/joiglu/Documents/docencia/Bioinformatica_33190/Practica/P11_annotation/GALBA/prot_align_out.temp.gff to /home/joiglu/Documents/docencia/Bioinformatica_33190/Practica/P11_annotation/GALBA/prot_align_out.gff
mv /home/joiglu/Documents/docencia/Bioinformatica_33190/Practica/P11_annotation/GALBA/prot_align_out.temp.gff /home/joiglu/Documents/docencia/Bioinformatica_33190/Practica/P11_annotation/GALBA/prot_align_out.gff
Deleting /home/joiglu/Documents/docencia/Bioinformatica_33190/Practica/P11_annotation/GALBA/prot_align_out.temp.gff
# Tue Apr 21 10:18:42 2026: joining hints files -> appending /home/joiglu/Documents/docencia/Bioinformatica_33190/Practica/P11_annotation/GALBA/prot_align_out.gff to /home/joiglu/Documents/docencia/Bioinformatica_33190/Practica/P11_annotation/GALBA/hintsfile.gff
cat /home/joiglu/Documents/docencia/Bioinformatica_33190/Practica/P11_annotation/GALBA/prot_align_out.gff >> /home/joiglu/Documents/docencia/Bioinformatica_33190/Practica/P11_annotation/GALBA/hintsfile.gff
# Tue Apr 21 10:18:42 2026: Deleting /home/joiglu/Documents/docencia/Bioinformatica_33190/Practica/P11_annotation/GALBA/prot_align_out.gff
# Tue Apr 21 10:18:42 2026: Moving /home/joiglu/Documents/docencia/Bioinformatica_33190/Practica/P11_annotation/GALBA/hintsfile.gff to /home/joiglu/Documents/docencia/Bioinformatica_33190/Practica/P11_annotation/GALBA/hintsfile.tmp.gff to enable sorting
mv /home/joiglu/Documents/docencia/Bioinformatica_33190/Practica/P11_annotation/GALBA/hintsfile.gff /home/joiglu/Documents/docencia/Bioinformatica_33190/Practica/P11_annotation/GALBA/hintsfile.tmp.gff
# Tue Apr 21 10:18:42 2026: Sorting hints file /home/joiglu/Documents/docencia/Bioinformatica_33190/Practica/P11_annotation/GALBA/hintsfile.gff
cat /home/joiglu/Documents/docencia/Bioinformatica_33190/Practica/P11_annotation/GALBA/hintsfile.tmp.gff | sort -n -k 4,4 | sort -s -n -k 5,5 | sort -s -n -k 3,3 | sort -s -k 1,1 > /home/joiglu/Documents/docencia/Bioinformatica_33190/Practica/P11_annotation/GALBA/hintsfile.gff
# Tue Apr 21 10:18:42 2026: Deleting file /home/joiglu/Documents/docencia/Bioinformatica_33190/Practica/P11_annotation/GALBA/hintsfile.tmp.gff
rm /home/joiglu/Documents/docencia/Bioinformatica_33190/Practica/P11_annotation/GALBA/hintsfile.tmp.gff
#  Tue Apr 21 10:18:42 2026: using training genes from miniprothint 
ln -s /home/joiglu/Documents/docencia/Bioinformatica_33190/Practica/P11_annotation/GALBA/miniprot_trainingGenes.gtf /home/joiglu/Documents/docencia/Bioinformatica_33190/Practica/P11_annotation/GALBA/traingenes.gtf
# Tue Apr 21 10:18:42 2026: rm /home/joiglu/Documents/docencia/Bioinformatica_33190/Practica/P11_annotation/GALBA/hintsfile.gff.
#**********************************************************************************
#                            TRAINING AUGUSTUS                                     
#**********************************************************************************
# Tue Apr 21 10:18:42 2026: training AUGUSTUS
# Tue Apr 21 10:18:42 2026: Converting gtf file /home/joiglu/Documents/docencia/Bioinformatica_33190/Practica/P11_annotation/GALBA/traingenes.gtf to genbank file
# Tue Apr 21 10:18:42 2026: Computing flanking region size for AUGUSTUS training genes
# Tue Apr 21 10:18:42 2026: create genbank file /home/joiglu/Documents/docencia/Bioinformatica_33190/Practica/P11_annotation/GALBA/train.gb
/usr/bin/perl /opt/augustus-3.4.0/scripts/gff2gbSmallDNA.pl /home/joiglu/Documents/docencia/Bioinformatica_33190/Practica/P11_annotation/GALBA/traingenes.gtf /home/joiglu/Documents/docencia/Bioinformatica_33190/Practica/P11_annotation/GALBA/genome.fa 946 /home/joiglu/Documents/docencia/Bioinformatica_33190/Practica/P11_annotation/GALBA/train.gb 1> /home/joiglu/Documents/docencia/Bioinformatica_33190/Practica/P11_annotation/GALBA/gff2gbSmallDNA.stderr 2>/home/joiglu/Documents/docencia/Bioinformatica_33190/Practica/P11_annotation/GALBA/gff2gbSmallDNA.stderr
#*********
# INFORMATION: the size of flanking region used in this GALBA run is 946
#*********
# Tue Apr 21 10:18:44 2026: Genbank format file /home/joiglu/Documents/docencia/Bioinformatica_33190/Practica/P11_annotation/GALBA/train.gb contains 4109 genes.
# Tue Apr 21 10:18:44 2026: Setting value of "stopCodonExcludedFromCDS" in /opt/augustus-3.4.0/bin/../config/species/Arabidopsis_thaliana/Arabidopsis_thaliana_parameters.cfg to "true"
# Tue Apr 21 10:18:44 2026: Running etraining to catch gene structure inconsistencies:
/opt/augustus-3.4.0/bin/../config/../bin/etraining --species=Arabidopsis_thaliana --AUGUSTUS_CONFIG_PATH=/opt/augustus-3.4.0/bin/../config /home/joiglu/Documents/docencia/Bioinformatica_33190/Practica/P11_annotation/GALBA/train.gb 1> /home/joiglu/Documents/docencia/Bioinformatica_33190/Practica/P11_annotation/GALBA/gbFilterEtraining.stdout 2>/home/joiglu/Documents/docencia/Bioinformatica_33190/Practica/P11_annotation/GALBA/errors/gbFilterEtraining.stderr
# Tue Apr 21 10:18:46 2026: Filtering /home/joiglu/Documents/docencia/Bioinformatica_33190/Practica/P11_annotation/GALBA/train.gb file to remove inconsistent gene structures...
/usr/bin/perl /opt/augustus-3.4.0/scripts/filterGenes.pl /home/joiglu/Documents/docencia/Bioinformatica_33190/Practica/P11_annotation/GALBA/etrain.bad.lst /home/joiglu/Documents/docencia/Bioinformatica_33190/Practica/P11_annotation/GALBA/train.gb 1> /home/joiglu/Documents/docencia/Bioinformatica_33190/Practica/P11_annotation/GALBA/train.ff.gb 2>/home/joiglu/Documents/docencia/Bioinformatica_33190/Practica/P11_annotation/GALBA/errors/etrainFilterGenes.stderr
# Tue Apr 21 10:18:46 2026: Genbank format file /home/joiglu/Documents/docencia/Bioinformatica_33190/Practica/P11_annotation/GALBA/train.ff.gb contains 3938 genes.
# Tue Apr 21 10:18:47 2026: BLAST or DIAMOND training gene structures against themselves:
/usr/bin/perl /opt/augustus-3.4.0/scripts/aa2nonred.pl /home/joiglu/Documents/docencia/Bioinformatica_33190/Practica/P11_annotation/GALBA/traingenes.good.fa /home/joiglu/Documents/docencia/Bioinformatica_33190/Practica/P11_annotation/GALBA/traingenes.good.nr.fa --DIAMOND_PATH=/home/joiglu/bin --cores=1 --diamond 1> /home/joiglu/Documents/docencia/Bioinformatica_33190/Practica/P11_annotation/GALBA/aa2nonred.stdout 2>/home/joiglu/Documents/docencia/Bioinformatica_33190/Practica/P11_annotation/GALBA/errors/aa2nonred.stderr
# Tue Apr 21 10:18:48 2026: Filtering nonredundant loci into /home/joiglu/Documents/docencia/Bioinformatica_33190/Practica/P11_annotation/GALBA/train.fff.gb:
/usr/bin/perl /opt/augustus-3.4.0/scripts/filterGenesIn.pl /home/joiglu/Documents/docencia/Bioinformatica_33190/Practica/P11_annotation/GALBA/nonred.loci.lst /home/joiglu/Documents/docencia/Bioinformatica_33190/Practica/P11_annotation/GALBA/train.ff.gb 1> /home/joiglu/Documents/docencia/Bioinformatica_33190/Practica/P11_annotation/GALBA/train.fff.gb 2>/home/joiglu/Documents/docencia/Bioinformatica_33190/Practica/P11_annotation/GALBA/errors/filterGenesIn.stderr
# Tue Apr 21 10:18:48 2026: Genbank format file /home/joiglu/Documents/docencia/Bioinformatica_33190/Practica/P11_annotation/GALBA/train.fff.gb contains 3815 genes.
# Tue Apr 21 10:18:48 2026: Moving /home/joiglu/Documents/docencia/Bioinformatica_33190/Practica/P11_annotation/GALBA/train.fff.gb to /home/joiglu/Documents/docencia/Bioinformatica_33190/Practica/P11_annotation/GALBA/train.gb:
mv /home/joiglu/Documents/docencia/Bioinformatica_33190/Practica/P11_annotation/GALBA/train.fff.gb /home/joiglu/Documents/docencia/Bioinformatica_33190/Practica/P11_annotation/GALBA/train.gb
# Tue Apr 21 10:18:48 2026: Splitting genbank file into train and test file
/usr/bin/perl /opt/augustus-3.4.0/scripts/randomSplit.pl /home/joiglu/Documents/docencia/Bioinformatica_33190/Practica/P11_annotation/GALBA/train.gb 300 2>/home/joiglu/Documents/docencia/Bioinformatica_33190/Practica/P11_annotation/GALBA/errors/randomSplit.stderr
# Tue Apr 21 10:18:48 2026: /home/joiglu/Documents/docencia/Bioinformatica_33190/Practica/P11_annotation/GALBA/train.gb.test will be used for measuring AUGUSTUS accuracy after training
# Tue Apr 21 10:18:48 2026: Genbank format file /home/joiglu/Documents/docencia/Bioinformatica_33190/Practica/P11_annotation/GALBA/train.gb.test contains 300 genes.
# Tue Apr 21 10:18:48 2026: Genbank format file /home/joiglu/Documents/docencia/Bioinformatica_33190/Practica/P11_annotation/GALBA/train.gb.train contains 3515 genes.
/usr/bin/perl /opt/augustus-3.4.0/scripts/randomSplit.pl /home/joiglu/Documents/docencia/Bioinformatica_33190/Practica/P11_annotation/GALBA/train.gb.train 300 2>/home/joiglu/Documents/docencia/Bioinformatica_33190/Practica/P11_annotation/GALBA/errors/randomSplit.stderr
# Tue Apr 21 10:18:49 2026: Genbank format file /home/joiglu/Documents/docencia/Bioinformatica_33190/Practica/P11_annotation/GALBA/train.gb.train.train contains 3215 genes.
# Tue Apr 21 10:18:49 2026: Genbank format file /home/joiglu/Documents/docencia/Bioinformatica_33190/Practica/P11_annotation/GALBA/train.gb.train.test contains 300 genes.
# Tue Apr 21 10:18:49 2026: /home/joiglu/Documents/docencia/Bioinformatica_33190/Practica/P11_annotation/GALBA/train.gb.train.test will be used or measuring AUGUSTUS accuracy during training with optimize_augustus.pl
 /home/joiglu/Documents/docencia/Bioinformatica_33190/Practica/P11_annotation/GALBA/train.gb.train.train will be used for running etraining in optimize_augustus.pl (together with train.gb.train.test)
 /home/joiglu/Documents/docencia/Bioinformatica_33190/Practica/P11_annotation/GALBA/train.gb.train will be used for running etraining (outside of optimize_augustus.pl)
# Tue Apr 21 10:18:49 2026: first etraining
/opt/augustus-3.4.0/bin/../config/../bin/etraining --species=Arabidopsis_thaliana --AUGUSTUS_CONFIG_PATH=/opt/augustus-3.4.0/bin/../config /home/joiglu/Documents/docencia/Bioinformatica_33190/Practica/P11_annotation/GALBA/train.gb.train 1>/home/joiglu/Documents/docencia/Bioinformatica_33190/Practica/P11_annotation/GALBA/firstetraining.stdout 2>/home/joiglu/Documents/docencia/Bioinformatica_33190/Practica/P11_annotation/GALBA/errors/firstetraining.stderr
grep -c "exon doesn't end in stop codon" /home/joiglu/Documents/docencia/Bioinformatica_33190/Practica/P11_annotation/GALBA/errors/firstetraining.stderr
# Tue Apr 21 10:18:50 2026: Error rate of missing stop codon is 0
# Tue Apr 21 10:18:50 2026: Adjusting stop-codon frequencies in species_parameters.cfg according to /home/joiglu/Documents/docencia/Bioinformatica_33190/Practica/P11_annotation/GALBA/firstetraining.stdout
# Tue Apr 21 10:18:50 2026: Setting frequency of stop codons to tag=0.193, taa=0.38, tga=0.427.
# Tue Apr 21 10:18:50 2026: first AUGUSTUS accuracy test
/opt/augustus-3.4.0/bin/../config/../bin/augustus --species=Arabidopsis_thaliana --AUGUSTUS_CONFIG_PATH=/opt/augustus-3.4.0/bin/../config /home/joiglu/Documents/docencia/Bioinformatica_33190/Practica/P11_annotation/GALBA/train.gb.test >/home/joiglu/Documents/docencia/Bioinformatica_33190/Practica/P11_annotation/GALBA/firsttest.stdout 2>/home/joiglu/Documents/docencia/Bioinformatica_33190/Practica/P11_annotation/GALBA/errors/firsttest.stderr
# Tue Apr 21 10:19:14 2026: Computing accuracy of AUGUSTUS prediction (in test file derived from predictions on training data set stored in /home/joiglu/Documents/docencia/Bioinformatica_33190/Practica/P11_annotation/GALBA/firsttest.stdout)
# Tue Apr 21 10:19:14 2026: The accuracy in round first is 0.838333333333333
# Tue Apr 21 10:19:14 2026: RUNNING AUGUSTUS
# Tue Apr 21 10:19:14 2026: AUGUSTUS with hints
# Tue Apr 21 10:19:14 2026: copy extrinsic file /home/joiglu/bin/GALBA/scripts/cfg/galba.cfg to working directory
cp /home/joiglu/bin/GALBA/scripts/cfg/galba.cfg /home/joiglu/Documents/docencia/Bioinformatica_33190/Practica/P11_annotation/GALBA/species/Arabidopsis_thaliana/ex1.cfg
/home/joiglu/.venvs/annotate/bin/python3 /home/joiglu/Documents/docencia/Bioinformatica_33190/Practica/P11_annotation/GALBA/pygustus_hints.py 1> /home/joiglu/Documents/docencia/Bioinformatica_33190/Practica/P11_annotation/GALBA/pygustus_hints.out 2>/home/joiglu/Documents/docencia/Bioinformatica_33190/Practica/P11_annotation/GALBA/errors/pygustus_hints.err
# Tue Apr 21 10:37:34 2026: AUGUSTUS prediction complete
# Tue Apr 21 10:37:34 2026: Making a gtf file from /home/joiglu/Documents/docencia/Bioinformatica_33190/Practica/P11_annotation/GALBA/augustus.hints.gff
cat /home/joiglu/Documents/docencia/Bioinformatica_33190/Practica/P11_annotation/GALBA/augustus.hints.gff | /usr/bin/perl -ne 'if(m/\tAUGUSTUS\t/) {print $_;}' | /usr/bin/perl /opt/augustus-3.4.0/scripts/gtf2gff.pl --printExon --out=/home/joiglu/Documents/docencia/Bioinformatica_33190/Practica/P11_annotation/GALBA/augustus.hints.tmp.gtf 2>/home/joiglu/Documents/docencia/Bioinformatica_33190/Practica/P11_annotation/GALBA/errors/gtf2gff.augustus.hints.gtf.stderr
# Tue Apr 21 10:37:35 2026: Converting gtf file /home/joiglu/Documents/docencia/Bioinformatica_33190/Practica/P11_annotation/GALBA/augustus.hints.gtf to genbank file
# Tue Apr 21 10:37:35 2026: create genbank file /home/joiglu/Documents/docencia/Bioinformatica_33190/Practica/P11_annotation/GALBA/train2.gb
/usr/bin/perl /opt/augustus-3.4.0/scripts/gff2gbSmallDNA.pl --good /home/joiglu/Documents/docencia/Bioinformatica_33190/Practica/P11_annotation/GALBA/good_training_genes.lst /home/joiglu/Documents/docencia/Bioinformatica_33190/Practica/P11_annotation/GALBA/augustus.hints.gtf /home/joiglu/Documents/docencia/Bioinformatica_33190/Practica/P11_annotation/GALBA/genome.fa 946 /home/joiglu/Documents/docencia/Bioinformatica_33190/Practica/P11_annotation/GALBA/train2.gb 1> /home/joiglu/Documents/docencia/Bioinformatica_33190/Practica/P11_annotation/GALBA/gff2gbSmallDNA.stderr 2>/home/joiglu/Documents/docencia/Bioinformatica_33190/Practica/P11_annotation/GALBA/gff2gbSmallDNA.stderr
#*********
# INFORMATION: the size of flanking region used in this GALBA run is 946
#*********
# Tue Apr 21 10:37:37 2026: Splitting genbank file into train and test file
/usr/bin/perl /opt/augustus-3.4.0/scripts/randomSplit.pl /home/joiglu/Documents/docencia/Bioinformatica_33190/Practica/P11_annotation/GALBA/train2.gb 300 2>/home/joiglu/Documents/docencia/Bioinformatica_33190/Practica/P11_annotation/GALBA/errors/randomSplit.stderr
# Tue Apr 21 10:37:37 2026: /home/joiglu/Documents/docencia/Bioinformatica_33190/Practica/P11_annotation/GALBA/train2.gb.test will be used for measuring AUGUSTUS accuracy after training
# Tue Apr 21 10:37:37 2026: Genbank format file /home/joiglu/Documents/docencia/Bioinformatica_33190/Practica/P11_annotation/GALBA/train2.gb.test contains 300 genes.
# Tue Apr 21 10:37:37 2026: Genbank format file /home/joiglu/Documents/docencia/Bioinformatica_33190/Practica/P11_annotation/GALBA/train2.gb.train contains 3408 genes.
/usr/bin/perl /opt/augustus-3.4.0/scripts/randomSplit.pl /home/joiglu/Documents/docencia/Bioinformatica_33190/Practica/P11_annotation/GALBA/train2.gb.train 300 2>/home/joiglu/Documents/docencia/Bioinformatica_33190/Practica/P11_annotation/GALBA/errors/randomSplit.stderr
# Tue Apr 21 10:37:37 2026: Genbank format file /home/joiglu/Documents/docencia/Bioinformatica_33190/Practica/P11_annotation/GALBA/train2.gb.train.train contains 3108 genes.
# Tue Apr 21 10:37:37 2026: Genbank format file /home/joiglu/Documents/docencia/Bioinformatica_33190/Practica/P11_annotation/GALBA/train2.gb.train.test contains 300 genes.
# Tue Apr 21 10:37:37 2026: /home/joiglu/Documents/docencia/Bioinformatica_33190/Practica/P11_annotation/GALBA/train2.gb.train.test will be used or measuring AUGUSTUS accuracy during training with optimize_augustus.pl
 /home/joiglu/Documents/docencia/Bioinformatica_33190/Practica/P11_annotation/GALBA/train2.gb.train.train will be used for running etraining in optimize_augustus.pl (together with train2.gb.train.test)
 /home/joiglu/Documents/docencia/Bioinformatica_33190/Practica/P11_annotation/GALBA/train2.gb.train will be used for running etraining (outside of optimize_augustus.pl)
# Tue Apr 21 10:37:37 2026: first etraining
/opt/augustus-3.4.0/bin/../config/../bin/etraining --species=Arabidopsis_thaliana --AUGUSTUS_CONFIG_PATH=/opt/augustus-3.4.0/bin/../config /home/joiglu/Documents/docencia/Bioinformatica_33190/Practica/P11_annotation/GALBA/train2.gb.train 1>/home/joiglu/Documents/docencia/Bioinformatica_33190/Practica/P11_annotation/GALBA/firstetraining.stdout 2>/home/joiglu/Documents/docencia/Bioinformatica_33190/Practica/P11_annotation/GALBA/errors/firstetraining.stderr
# Tue Apr 21 10:37:39 2026: second AUGUSTUS accuracy test
/opt/augustus-3.4.0/bin/../config/../bin/augustus --species=Arabidopsis_thaliana --AUGUSTUS_CONFIG_PATH=/opt/augustus-3.4.0/bin/../config /home/joiglu/Documents/docencia/Bioinformatica_33190/Practica/P11_annotation/GALBA/train.gb.test >/home/joiglu/Documents/docencia/Bioinformatica_33190/Practica/P11_annotation/GALBA/secondtest.stdout 2>/home/joiglu/Documents/docencia/Bioinformatica_33190/Practica/P11_annotation/GALBA/errors/secondtest.stderr
# Tue Apr 21 10:38:03 2026: Computing accuracy of AUGUSTUS prediction (in test file derived from predictions on training data set stored in /home/joiglu/Documents/docencia/Bioinformatica_33190/Practica/P11_annotation/GALBA/secondtest.stdout)
# Tue Apr 21 10:38:03 2026: The accuracy in round second is 0.852266666666667
# Tue Apr 21 10:38:03 2026: optimizing AUGUSTUS parameters
/usr/bin/perl /opt/augustus-3.4.0/scripts/optimize_augustus.pl --aug_exec_dir=/opt/augustus-3.4.0/bin/../config/../bin --rounds=5 --species=Arabidopsis_thaliana --kfold=8 --AUGUSTUS_CONFIG_PATH=/opt/augustus-3.4.0/bin/../config --onlytrain=/home/joiglu/Documents/docencia/Bioinformatica_33190/Practica/P11_annotation/GALBA/train2.gb.train.train /home/joiglu/Documents/docencia/Bioinformatica_33190/Practica/P11_annotation/GALBA/train2.gb.train.test 1>/home/joiglu/Documents/docencia/Bioinformatica_33190/Practica/P11_annotation/GALBA/optimize_augustus.stdout 2>/home/joiglu/Documents/docencia/Bioinformatica_33190/Practica/P11_annotation/GALBA/errors/optimize_augustus.stderr
# Tue Apr 21 12:59:31 2026:  parameter optimization finished.
# Tue Apr 21 12:59:31 2026: Third etraining
/opt/augustus-3.4.0/bin/../config/../bin/etraining --species=Arabidopsis_thaliana --AUGUSTUS_CONFIG_PATH=/opt/augustus-3.4.0/bin/../config /home/joiglu/Documents/docencia/Bioinformatica_33190/Practica/P11_annotation/GALBA/train2.gb.train 1>/home/joiglu/Documents/docencia/Bioinformatica_33190/Practica/P11_annotation/GALBA/secondetraining.stdout 2>/home/joiglu/Documents/docencia/Bioinformatica_33190/Practica/P11_annotation/GALBA/errors/secondetraining.stderr
# Tue Apr 21 12:59:33 2026: third AUGUSTUS accuracy test
/opt/augustus-3.4.0/bin/../config/../bin/augustus --species=Arabidopsis_thaliana --AUGUSTUS_CONFIG_PATH=/opt/augustus-3.4.0/bin/../config /home/joiglu/Documents/docencia/Bioinformatica_33190/Practica/P11_annotation/GALBA/train.gb.test >/home/joiglu/Documents/docencia/Bioinformatica_33190/Practica/P11_annotation/GALBA/thirdtest.stdout 2>/home/joiglu/Documents/docencia/Bioinformatica_33190/Practica/P11_annotation/GALBA/errors/thirdtest.stderr
# Tue Apr 21 12:59:56 2026: Computing accuracy of AUGUSTUS prediction (in test file derived from predictions on training data set stored in /home/joiglu/Documents/docencia/Bioinformatica_33190/Practica/P11_annotation/GALBA/thirdtest.stdout)
# Tue Apr 21 12:59:56 2026: The accuracy in round third is 0.851666666666667
#**********************************************************************************
#                               PREDICTING GENES WITH AUGUSTUS (NO UTRS)           
#**********************************************************************************
# Tue Apr 21 12:59:56 2026: RUNNING AUGUSTUS
# Tue Apr 21 12:59:56 2026: AUGUSTUS with hints
# Tue Apr 21 12:59:56 2026: copy extrinsic file /home/joiglu/bin/GALBA/scripts/cfg/galba.cfg to working directory
cp /home/joiglu/bin/GALBA/scripts/cfg/galba.cfg /home/joiglu/Documents/docencia/Bioinformatica_33190/Practica/P11_annotation/GALBA/species/Arabidopsis_thaliana/ex1.cfg
/home/joiglu/.venvs/annotate/bin/python3 /home/joiglu/Documents/docencia/Bioinformatica_33190/Practica/P11_annotation/GALBA/pygustus_hints.py 1> /home/joiglu/Documents/docencia/Bioinformatica_33190/Practica/P11_annotation/GALBA/pygustus_hints.out 2>/home/joiglu/Documents/docencia/Bioinformatica_33190/Practica/P11_annotation/GALBA/errors/pygustus_hints.err
# Tue Apr 21 13:36:16 2026: AUGUSTUS prediction complete
# Tue Apr 21 13:36:16 2026: Making a gtf file from /home/joiglu/Documents/docencia/Bioinformatica_33190/Practica/P11_annotation/GALBA/augustus.hints.gff
cat /home/joiglu/Documents/docencia/Bioinformatica_33190/Practica/P11_annotation/GALBA/augustus.hints.gff | /usr/bin/perl -ne 'if(m/\tAUGUSTUS\t/) {print $_;}' | /usr/bin/perl /opt/augustus-3.4.0/scripts/gtf2gff.pl --printExon --out=/home/joiglu/Documents/docencia/Bioinformatica_33190/Practica/P11_annotation/GALBA/augustus.hints.tmp.gtf 2>/home/joiglu/Documents/docencia/Bioinformatica_33190/Practica/P11_annotation/GALBA/errors/gtf2gff.augustus.hints.gtf.stderr
# Tue Apr 21 13:36:17 2026: Making a fasta file with protein sequences of /home/joiglu/Documents/docencia/Bioinformatica_33190/Practica/P11_annotation/GALBA/augustus.hints.gtf
/home/joiglu/.venvs/annotate/bin/python3 /opt/augustus-3.4.0/scripts/getAnnoFastaFromJoingenes.py -g /home/joiglu/Documents/docencia/Bioinformatica_33190/Practica/P11_annotation/GALBA/genome.fa -f /home/joiglu/Documents/docencia/Bioinformatica_33190/Practica/P11_annotation/GALBA/augustus.hints.gtf -o /home/joiglu/Documents/docencia/Bioinformatica_33190/Practica/P11_annotation/GALBA/augustus.hints 1> /home/joiglu/Documents/docencia/Bioinformatica_33190/Practica/P11_annotation/GALBA/getAnnoFastaFromJoingenes.augustus.hints_tmp.stdout 2>/home/joiglu/Documents/docencia/Bioinformatica_33190/Practica/P11_annotation/GALBA/errors/getAnnoFastaFromJoingenes.augustus.hints_tmp.stderr
# Tue Apr 21 13:36:18 2026: fixing AUGUSTUS genes with in frame stop codons...
/home/joiglu/.venvs/annotate/bin/python3 /opt/augustus-3.4.0/scripts/fix_in_frame_stop_codon_genes.py -g /home/joiglu/Documents/docencia/Bioinformatica_33190/Practica/P11_annotation/GALBA/genome.fa -t /home/joiglu/Documents/docencia/Bioinformatica_33190/Practica/P11_annotation/GALBA/augustus.hints.gtf -b /home/joiglu/Documents/docencia/Bioinformatica_33190/Practica/P11_annotation/GALBA/bad_genes.lst -o augustus.hints_fix_ifs_ -s Arabidopsis_thaliana -m off --UTR off --print_utr off -a /opt/augustus-3.4.0/bin/../config -C /usr/bin -A /opt/augustus-3.4.0/bin/../config/../bin -S /opt/augustus-3.4.0/bin/../config/../scripts -H /home/joiglu/Documents/docencia/Bioinformatica_33190/Practica/P11_annotation/GALBA/hintsfile.gff -e /home/joiglu/bin/GALBA/scripts/cfg/galba.cfg  > /home/joiglu/Documents/docencia/Bioinformatica_33190/Practica/P11_annotation/GALBA/fix_in_frame_stop_codon_genes_augustus.hints.log 2> /home/joiglu/Documents/docencia/Bioinformatica_33190/Practica/P11_annotation/GALBA/errors/fix_in_frame_stop_codon_genes_augustus.hints.err
# Tue Apr 21 13:36:21 2026: Moving gene prediction file without in frame stop codons to location of original file (overwriting it)...
mv /home/joiglu/Documents/docencia/Bioinformatica_33190/Practica/P11_annotation/GALBA/augustus.hints_fix_ifs_.gtf /home/joiglu/Documents/docencia/Bioinformatica_33190/Practica/P11_annotation/GALBA/augustus.hints.gtf
# Tue Apr 21 13:36:21 2026: Deleting file with genes with in frame stop codons...
rm /home/joiglu/Documents/docencia/Bioinformatica_33190/Practica/P11_annotation/GALBA/bad_genes.lst
mv /home/joiglu/Documents/docencia/Bioinformatica_33190/Practica/P11_annotation/GALBA/augustus.hints.gtf /home/joiglu/Documents/docencia/Bioinformatica_33190/Practica/P11_annotation/GALBA/augustus.tmp.gtf
# Tue Apr 21 13:36:21 2026: deleting transcripts with CDS features on opposite strands and with overlapping CDS features...
/home/joiglu/.venvs/annotate/bin/python3 /home/joiglu/bin/GALBA/scripts/gtf_sanity_check.py -f /home/joiglu/Documents/docencia/Bioinformatica_33190/Practica/P11_annotation/GALBA/augustus.tmp.gtf -o /home/joiglu/Documents/docencia/Bioinformatica_33190/Practica/P11_annotation/GALBA/bad2.lst > /home/joiglu/Documents/docencia/Bioinformatica_33190/Practica/P11_annotation/GALBA/gtf_sanity_check.log 2> /home/joiglu/Documents/docencia/Bioinformatica_33190/Practica/P11_annotation/GALBA/errors/gtf_sanity_check.err
/home/joiglu/.venvs/annotate/bin/python3 /opt/augustus-3.4.0/scripts/filter_gtf_by_txid.py -g /home/joiglu/Documents/docencia/Bioinformatica_33190/Practica/P11_annotation/GALBA/augustus.tmp.gtf -l /home/joiglu/Documents/docencia/Bioinformatica_33190/Practica/P11_annotation/GALBA/bad2.lst -o /home/joiglu/Documents/docencia/Bioinformatica_33190/Practica/P11_annotation/GALBA/augustus.hints.gtf > /home/joiglu/Documents/docencia/Bioinformatica_33190/Practica/P11_annotation/GALBA/filter_gtf_by_txid.log 2> /home/joiglu/Documents/docencia/Bioinformatica_33190/Practica/P11_annotation/GALBA/errors/filter_gtf_by_txid.err
# Tue Apr 21 13:36:22 2026: Making a fasta file with protein sequences of /home/joiglu/Documents/docencia/Bioinformatica_33190/Practica/P11_annotation/GALBA/augustus.hints.gtf
/home/joiglu/.venvs/annotate/bin/python3 /opt/augustus-3.4.0/scripts/getAnnoFastaFromJoingenes.py -g /home/joiglu/Documents/docencia/Bioinformatica_33190/Practica/P11_annotation/GALBA/genome.fa -f /home/joiglu/Documents/docencia/Bioinformatica_33190/Practica/P11_annotation/GALBA/augustus.hints.gtf -o /home/joiglu/Documents/docencia/Bioinformatica_33190/Practica/P11_annotation/GALBA/augustus.hints 1> /home/joiglu/Documents/docencia/Bioinformatica_33190/Practica/P11_annotation/GALBA/getAnnoFastaFromJoingenes.augustus.hints_hints.stdout 2>/home/joiglu/Documents/docencia/Bioinformatica_33190/Practica/P11_annotation/GALBA/errors/getAnnoFastaFromJoingenes.augustus.hints_hints.stderr
ln -s /home/joiglu/Documents/docencia/Bioinformatica_33190/Practica/P11_annotation/proteinas.fasta /home/joiglu/Documents/docencia/Bioinformatica_33190/Practica/P11_annotation/GALBA/prot_seq_all.fa
/home/joiglu/.venvs/annotate/bin/python3 /home/joiglu/bin/GALBA/scripts/filter_gtf_by_diamond_against_ref.py -r /home/joiglu/Documents/docencia/Bioinformatica_33190/Practica/P11_annotation/GALBA/prot_seq_all.fa -g /home/joiglu/Documents/docencia/Bioinformatica_33190/Practica/P11_annotation/GALBA/augustus.hints.gtf -o /home/joiglu/Documents/docencia/Bioinformatica_33190/Practica/P11_annotation/GALBA/galba.gtf -a augustus.hints.aa -t 1 -d /home/joiglu/bin 1> /home/joiglu/Documents/docencia/Bioinformatica_33190/Practica/P11_annotation/GALBA/filter_gtf_by_diamond_against_ref.stdout 2>/home/joiglu/Documents/docencia/Bioinformatica_33190/Practica/P11_annotation/GALBA/errors/filter_gtf_by_diamond_against_ref.stderr
# Tue Apr 21 13:36:31 2026: Making a fasta file with protein sequences of /home/joiglu/Documents/docencia/Bioinformatica_33190/Practica/P11_annotation/GALBA/galba.gtf
/home/joiglu/.venvs/annotate/bin/python3 /opt/augustus-3.4.0/scripts/getAnnoFastaFromJoingenes.py -g /home/joiglu/Documents/docencia/Bioinformatica_33190/Practica/P11_annotation/GALBA/genome.fa -f /home/joiglu/Documents/docencia/Bioinformatica_33190/Practica/P11_annotation/GALBA/galba.gtf -o /home/joiglu/Documents/docencia/Bioinformatica_33190/Practica/P11_annotation/GALBA/galba 1> /home/joiglu/Documents/docencia/Bioinformatica_33190/Practica/P11_annotation/GALBA/getAnnoFastaFromJoingenes.galba_.stdout 2>/home/joiglu/Documents/docencia/Bioinformatica_33190/Practica/P11_annotation/GALBA/errors/getAnnoFastaFromJoingenes.galba_.stderr
# Tue Apr 21 13:36:32 2026: deleting empty files
# Tue Apr 21 13:36:32 2026: find /home/joiglu/Documents/docencia/Bioinformatica_33190/Practica/P11_annotation/GALBA -empty
rm /home/joiglu/Documents/docencia/Bioinformatica_33190/Practica/P11_annotation/GALBA/fix_in_frame_stop_codon_genes_augustus.hints.log
rm /home/joiglu/Documents/docencia/Bioinformatica_33190/Practica/P11_annotation/GALBA/highAlIntrons.gff
rm /home/joiglu/Documents/docencia/Bioinformatica_33190/Practica/P11_annotation/GALBA/miniprot_index.stdout
rm /home/joiglu/Documents/docencia/Bioinformatica_33190/Practica/P11_annotation/GALBA/getAnnoFastaFromJoingenes.galba_.stdout
rm /home/joiglu/Documents/docencia/Bioinformatica_33190/Practica/P11_annotation/GALBA/tmp_no_merge_hints.gff
rm /home/joiglu/Documents/docencia/Bioinformatica_33190/Practica/P11_annotation/GALBA/bad2.lst
rm /home/joiglu/Documents/docencia/Bioinformatica_33190/Practica/P11_annotation/GALBA/getAnnoFastaFromJoingenes.augustus.hints_hints.stdout
rm /home/joiglu/Documents/docencia/Bioinformatica_33190/Practica/P11_annotation/GALBA/gtf_sanity_check.log
rm /home/joiglu/Documents/docencia/Bioinformatica_33190/Practica/P11_annotation/GALBA/filter_gtf_by_txid.log
rm /home/joiglu/Documents/docencia/Bioinformatica_33190/Practica/P11_annotation/GALBA/errors/find_python3_pygustus.err
rm /home/joiglu/Documents/docencia/Bioinformatica_33190/Practica/P11_annotation/GALBA/errors/new_species.stderr
rm /home/joiglu/Documents/docencia/Bioinformatica_33190/Practica/P11_annotation/GALBA/errors/getAnnoFastaFromJoingenes.galba_.stderr
rm /home/joiglu/Documents/docencia/Bioinformatica_33190/Practica/P11_annotation/GALBA/errors/join_mult_hints.prot.stderr
rm /home/joiglu/Documents/docencia/Bioinformatica_33190/Practica/P11_annotation/GALBA/errors/firsttest.stderr
rm /home/joiglu/Documents/docencia/Bioinformatica_33190/Practica/P11_annotation/GALBA/errors/gtf_sanity_check.err
rm /home/joiglu/Documents/docencia/Bioinformatica_33190/Practica/P11_annotation/GALBA/errors/fix_in_frame_stop_codon_genes_augustus.hints.err
rm /home/joiglu/Documents/docencia/Bioinformatica_33190/Practica/P11_annotation/GALBA/errors/secondetraining.stderr
rm /home/joiglu/Documents/docencia/Bioinformatica_33190/Practica/P11_annotation/GALBA/errors/optimize_augustus.stderr
rm /home/joiglu/Documents/docencia/Bioinformatica_33190/Practica/P11_annotation/GALBA/errors/randomSplit.stderr
rm /home/joiglu/Documents/docencia/Bioinformatica_33190/Practica/P11_annotation/GALBA/errors/getAnnoFastaFromJoingenes.augustus.hints_tmp.stderr
rm /home/joiglu/Documents/docencia/Bioinformatica_33190/Practica/P11_annotation/GALBA/errors/find_python3_biopython.err
rm /home/joiglu/Documents/docencia/Bioinformatica_33190/Practica/P11_annotation/GALBA/errors/pygustus_hints.err
rm /home/joiglu/Documents/docencia/Bioinformatica_33190/Practica/P11_annotation/GALBA/errors/filter_gtf_by_txid.err
rm /home/joiglu/Documents/docencia/Bioinformatica_33190/Practica/P11_annotation/GALBA/errors/etrainFilterGenes.stderr
rm /home/joiglu/Documents/docencia/Bioinformatica_33190/Practica/P11_annotation/GALBA/errors/find_python3_re.err
rm /home/joiglu/Documents/docencia/Bioinformatica_33190/Practica/P11_annotation/GALBA/errors/secondtest.stderr
rm /home/joiglu/Documents/docencia/Bioinformatica_33190/Practica/P11_annotation/GALBA/errors/gtf2gff.augustus.hints.gtf.stderr
rm /home/joiglu/Documents/docencia/Bioinformatica_33190/Practica/P11_annotation/GALBA/errors/firstetraining.stderr
rm /home/joiglu/Documents/docencia/Bioinformatica_33190/Practica/P11_annotation/GALBA/errors/getAnnoFastaFromJoingenes.augustus.hints_hints.stderr
rm /home/joiglu/Documents/docencia/Bioinformatica_33190/Practica/P11_annotation/GALBA/errors/thirdtest.stderr
rm /home/joiglu/Documents/docencia/Bioinformatica_33190/Practica/P11_annotation/GALBA/errors/filterGenesIn.stderr
# Tue Apr 21 13:36:32 2026: deleting job lst files (if existing)
rm /home/joiglu/Documents/docencia/Bioinformatica_33190/Practica/P11_annotation/GALBA/fix_IFS_log_krejbmcz
rm /home/joiglu/Documents/docencia/Bioinformatica_33190/Practica/P11_annotation/GALBA/train.gb.test
rm /home/joiglu/Documents/docencia/Bioinformatica_33190/Practica/P11_annotation/GALBA/train.gb.train
rm /home/joiglu/Documents/docencia/Bioinformatica_33190/Practica/P11_annotation/GALBA/firstetraining.stdout
rm /home/joiglu/Documents/docencia/Bioinformatica_33190/Practica/P11_annotation/GALBA/gbFilterEtraining.stdout
rm /home/joiglu/Documents/docencia/Bioinformatica_33190/Practica/P11_annotation/GALBA/traingenes.gtf
rm /home/joiglu/Documents/docencia/Bioinformatica_33190/Practica/P11_annotation/GALBA/train.gb.train.test
rm /home/joiglu/Documents/docencia/Bioinformatica_33190/Practica/P11_annotation/GALBA/etrain.bad.lst
rm /home/joiglu/Documents/docencia/Bioinformatica_33190/Practica/P11_annotation/GALBA/prot_hintsfile.aln2hints.temp.gff
rm /home/joiglu/Documents/docencia/Bioinformatica_33190/Practica/P11_annotation/GALBA/good_training_genes.lst
rm /home/joiglu/Documents/docencia/Bioinformatica_33190/Practica/P11_annotation/GALBA/train.gb.train.train
rm /home/joiglu/Documents/docencia/Bioinformatica_33190/Practica/P11_annotation/GALBA/secondetraining.stdout
rm /home/joiglu/Documents/docencia/Bioinformatica_33190/Practica/P11_annotation/GALBA/augustus.hints.tmp.gtf
rm /home/joiglu/Documents/docencia/Bioinformatica_33190/Practica/P11_annotation/GALBA/train.ff.gb
rm /home/joiglu/Documents/docencia/Bioinformatica_33190/Practica/P11_annotation/GALBA/aa2nonred.stdout
rm /home/joiglu/Documents/docencia/Bioinformatica_33190/Practica/P11_annotation/GALBA/nonred.loci.lst
rm /home/joiglu/Documents/docencia/Bioinformatica_33190/Practica/P11_annotation/GALBA/traingenes.good.nr.fa
rm /home/joiglu/Documents/docencia/Bioinformatica_33190/Practica/P11_annotation/GALBA/traingenes.good.fa
python3 /home/joiglu/bin/GALBA/scripts/galba_cleanup.py --wdir /home/joiglu/Documents/docencia/Bioinformatica_33190/Practica/P11_annotation/GALBA
Deleting file /home/joiglu/Documents/docencia/Bioinformatica_33190/Practica/P11_annotation/GALBA/firsttest.stdout
Deleting file /home/joiglu/Documents/docencia/Bioinformatica_33190/Practica/P11_annotation/GALBA/genome.fa
Deleting file /home/joiglu/Documents/docencia/Bioinformatica_33190/Practica/P11_annotation/GALBA/secondtest.stdout
Deleting file /home/joiglu/Documents/docencia/Bioinformatica_33190/Practica/P11_annotation/GALBA/train.gb
Deleting file /home/joiglu/Documents/docencia/Bioinformatica_33190/Practica/P11_annotation/GALBA/genome.fa.cidx
Deleting file /home/joiglu/Documents/docencia/Bioinformatica_33190/Practica/P11_annotation/GALBA/getAnnoFastaFromJoingenes.augustus.hints_tmp.stdout
Deleting file /home/joiglu/Documents/docencia/Bioinformatica_33190/Practica/P11_annotation/GALBA/traingenes.good.gtf
Deleting file /home/joiglu/Documents/docencia/Bioinformatica_33190/Practica/P11_annotation/GALBA/genome.mpi
Deleting file /home/joiglu/Documents/docencia/Bioinformatica_33190/Practica/P11_annotation/GALBA/pygustus_hints.out
Deleting file /home/joiglu/Documents/docencia/Bioinformatica_33190/Practica/P11_annotation/GALBA/pygustus_hints.py
Deleting file /home/joiglu/Documents/docencia/Bioinformatica_33190/Practica/P11_annotation/GALBA/gff2gbSmallDNA.stderr
Deleting file /home/joiglu/Documents/docencia/Bioinformatica_33190/Practica/P11_annotation/GALBA/miniprot_representatives.gff
Deleting file /home/joiglu/Documents/docencia/Bioinformatica_33190/Practica/P11_annotation/GALBA/protein_alignment_miniprot.aln
Deleting file /home/joiglu/Documents/docencia/Bioinformatica_33190/Practica/P11_annotation/GALBA/protein_alignment_miniprot.gff
Deleting file /home/joiglu/Documents/docencia/Bioinformatica_33190/Practica/P11_annotation/GALBA/hc.gff
Deleting file /home/joiglu/Documents/docencia/Bioinformatica_33190/Practica/P11_annotation/GALBA/miniprothint.gff
Deleting file /home/joiglu/Documents/docencia/Bioinformatica_33190/Practica/P11_annotation/GALBA/thirdtest.stdout
Deleting file /home/joiglu/Documents/docencia/Bioinformatica_33190/Practica/P11_annotation/GALBA/miniprot_trainingGenes.gff
Moving file /home/joiglu/Documents/docencia/Bioinformatica_33190/Practica/P11_annotation/GALBA/augustus.hints.gff to archive directory
Moving file /home/joiglu/Documents/docencia/Bioinformatica_33190/Practica/P11_annotation/GALBA/train2.gb.train.test to archive directory
Moving file /home/joiglu/Documents/docencia/Bioinformatica_33190/Practica/P11_annotation/GALBA/train2.gb.train.train to archive directory
Moving file /home/joiglu/Documents/docencia/Bioinformatica_33190/Practica/P11_annotation/GALBA/train2.gb.test to archive directory
Moving file /home/joiglu/Documents/docencia/Bioinformatica_33190/Practica/P11_annotation/GALBA/train2.gb.train to archive directory
Moving file /home/joiglu/Documents/docencia/Bioinformatica_33190/Practica/P11_annotation/GALBA/train2.gb to archive directory
Moving file /home/joiglu/Documents/docencia/Bioinformatica_33190/Practica/P11_annotation/GALBA/miniprot_representatives.gtf to archive directory
Moving file /home/joiglu/Documents/docencia/Bioinformatica_33190/Practica/P11_annotation/GALBA/miniprot.gff to archive directory
Moving file /home/joiglu/Documents/docencia/Bioinformatica_33190/Practica/P11_annotation/GALBA/filter_gtf_by_diamond_against_ref.stdout to archive directory
#**********************************************************************************
#                               GALBA RUN FINISHED                                
#**********************************************************************************
